<?xml version="1.0" encoding="UTF-8"?>
<!-- Generated by org.testng.reporters.JUnitReportReporter -->
<testsuite hostname="DESKTOP-2VN6A15" failures="0" tests="1" name="appTest.NumberComparison" time="0.002" errors="0" timestamp="13 Oct 2021 08:06:35 GMT" skipped="0">
  <testcase classname="appTest.NumberComparison" name="intComparison" time="0.002"/>
</testsuite> <!-- appTest.NumberComparison -->
