<?xml version="1.0" encoding="UTF-8"?>
<!-- Generated by org.testng.reporters.JUnitReportReporter -->
<testsuite hostname="DESKTOP-2VN6A15" failures="0" tests="2" name="appTest.AppTest" time="0.018" errors="0" timestamp="13 Oct 2021 08:06:54 GMT" skipped="0">
  <testcase classname="appTest.AppTest" name="loginTestWithInvalid" time="0.001"/>
  <testcase classname="appTest.AppTest" name="loginTest" time="0.017"/>
</testsuite> <!-- appTest.AppTest -->
