<?xml version="1.0" encoding="UTF-8"?>
<!-- Generated by org.testng.reporters.JUnitReportReporter -->
<testsuite hostname="DESKTOP-2VN6A15" failures="0" tests="4" name="appTest.AppTest" time="0.074" errors="0" timestamp="13 Oct 2021 09:45:45 GMT" skipped="0">
  <testcase classname="appTest.AppTest" name="loginTestWithInvalid" time="0.001"/>
  <testcase classname="appTest.AppTest" name="loginTest" time="0.070"/>
  <testcase classname="appTest.AppTest" name="loginTest" time="0.001"/>
  <testcase classname="appTest.AppTest" name="loginTestWithInvalid" time="0.002"/>
</testsuite> <!-- appTest.AppTest -->
